[2026-06-24T06:00:22+00:00] INFO Config: OASIS_USER/OASIS_PASS vacías — operaciones autenticadas usarán mock data
[2026-06-24T06:00:22+00:00] INFO Config: DATABASE_URL vacía — la app usará localStorage como respaldo
[2026-06-24T06:00:22+00:00] INFO Request {"method":"GET","path":"\/api\/health"}
[2026-06-24T06:00:23+00:00] INFO Config: OASIS_USER/OASIS_PASS vacías — operaciones autenticadas usarán mock data
[2026-06-24T06:00:23+00:00] INFO Config: DATABASE_URL vacía — la app usará localStorage como respaldo
[2026-06-24T06:00:23+00:00] INFO Request {"method":"POST","path":"\/api\/alumnos-materia"}
[2026-06-24T06:00:37+00:00] INFO Config: OASIS_USER/OASIS_PASS vacías — operaciones autenticadas usarán mock data
[2026-06-24T06:00:37+00:00] INFO Config: DATABASE_URL vacía — la app usará localStorage como respaldo
[2026-06-24T06:00:37+00:00] INFO Request {"method":"POST","path":"\/api\/estudiante-full"}
[2026-06-24T06:04:05+00:00] INFO Config: OASIS_USER/OASIS_PASS vacías — operaciones autenticadas usarán mock data
[2026-06-24T06:04:05+00:00] INFO Config: DATABASE_URL vacía — la app usará localStorage como respaldo
[2026-06-24T06:04:05+00:00] INFO Request {"method":"POST","path":"\/api\/nomina"}
[2026-06-24T06:04:41+00:00] INFO Config: OASIS_USER/OASIS_PASS vacías — operaciones autenticadas usarán mock data
[2026-06-24T06:04:41+00:00] INFO Config: DATABASE_URL vacía — la app usará localStorage como respaldo
[2026-06-24T06:04:41+00:00] INFO Request {"method":"POST","path":"\/api\/nomina"}
[2026-06-24T06:05:12+00:00] INFO Config: OASIS_USER/OASIS_PASS vacías — operaciones autenticadas usarán mock data
[2026-06-24T06:05:12+00:00] INFO Config: DATABASE_URL vacía — la app usará localStorage como respaldo
[2026-06-24T06:05:12+00:00] INFO Request {"method":"POST","path":"\/api\/nomina"}
[2026-06-24T06:14:27+00:00] INFO Config: OASIS_USER/OASIS_PASS vacías — operaciones autenticadas usarán mock data
[2026-06-24T06:14:27+00:00] INFO Config: DATABASE_URL vacía — la app usará localStorage como respaldo
[2026-06-24T06:14:27+00:00] INFO Request {"method":"GET","path":"\/api\/store"}
[2026-06-24T06:14:29+00:00] INFO Config: OASIS_USER/OASIS_PASS vacías — operaciones autenticadas usarán mock data
[2026-06-24T06:14:29+00:00] INFO Config: DATABASE_URL vacía — la app usará localStorage como respaldo
[2026-06-24T06:14:29+00:00] INFO Config: OASIS_USER/OASIS_PASS vacías — operaciones autenticadas usarán mock data
[2026-06-24T06:14:29+00:00] INFO Config: DATABASE_URL vacía — la app usará localStorage como respaldo
[2026-06-24T06:14:29+00:00] INFO Request {"method":"PUT","path":"\/api\/store"}
[2026-06-24T06:15:36+00:00] INFO Config: OASIS_USER/OASIS_PASS vacías — operaciones autenticadas usarán mock data
[2026-06-24T06:15:36+00:00] INFO Config: DATABASE_URL vacía — la app usará localStorage como respaldo
[2026-06-24T06:15:36+00:00] INFO Config: OASIS_USER/OASIS_PASS vacías — operaciones autenticadas usarán mock data
[2026-06-24T06:15:36+00:00] INFO Config: DATABASE_URL vacía — la app usará localStorage como respaldo
[2026-06-24T06:15:36+00:00] INFO Request {"method":"PUT","path":"\/api\/store"}
[2026-06-24T06:15:42+00:00] INFO Config: OASIS_USER/OASIS_PASS vacías — operaciones autenticadas usarán mock data
[2026-06-24T06:15:42+00:00] INFO Config: DATABASE_URL vacía — la app usará localStorage como respaldo
[2026-06-24T06:15:42+00:00] INFO Config: OASIS_USER/OASIS_PASS vacías — operaciones autenticadas usarán mock data
[2026-06-24T06:15:42+00:00] INFO Config: DATABASE_URL vacía — la app usará localStorage como respaldo
[2026-06-24T06:15:42+00:00] INFO Request {"method":"PUT","path":"\/api\/store"}
[2026-06-24T06:15:44+00:00] INFO Config: OASIS_USER/OASIS_PASS vacías — operaciones autenticadas usarán mock data
[2026-06-24T06:15:44+00:00] INFO Config: DATABASE_URL vacía — la app usará localStorage como respaldo
[2026-06-24T06:15:44+00:00] INFO Request {"method":"PUT","path":"\/api\/store"}
[2026-06-24T06:15:52+00:00] INFO Config: OASIS_USER/OASIS_PASS vacías — operaciones autenticadas usarán mock data
[2026-06-24T06:15:52+00:00] INFO Config: DATABASE_URL vacía — la app usará localStorage como respaldo
[2026-06-24T06:15:52+00:00] INFO Config: OASIS_USER/OASIS_PASS vacías — operaciones autenticadas usarán mock data
[2026-06-24T06:15:52+00:00] INFO Config: DATABASE_URL vacía — la app usará localStorage como respaldo
[2026-06-24T06:15:52+00:00] INFO Request {"method":"PUT","path":"\/api\/store"}
[2026-06-24T06:15:53+00:00] INFO Config: OASIS_USER/OASIS_PASS vacías — operaciones autenticadas usarán mock data
[2026-06-24T06:15:53+00:00] INFO Config: DATABASE_URL vacía — la app usará localStorage como respaldo
[2026-06-24T06:15:53+00:00] INFO Request {"method":"PUT","path":"\/api\/store"}
[2026-06-24T06:15:55+00:00] INFO Config: OASIS_USER/OASIS_PASS vacías — operaciones autenticadas usarán mock data
[2026-06-24T06:15:55+00:00] INFO Config: DATABASE_URL vacía — la app usará localStorage como respaldo
[2026-06-24T06:15:55+00:00] INFO Request {"method":"PUT","path":"\/api\/store"}
[2026-06-24T06:16:08+00:00] INFO Config: OASIS_USER/OASIS_PASS vacías — operaciones autenticadas usarán mock data
[2026-06-24T06:16:08+00:00] INFO Config: DATABASE_URL vacía — la app usará localStorage como respaldo
[2026-06-24T06:16:08+00:00] INFO Config: OASIS_USER/OASIS_PASS vacías — operaciones autenticadas usarán mock data
[2026-06-24T06:16:08+00:00] INFO Config: DATABASE_URL vacía — la app usará localStorage como respaldo
[2026-06-24T06:16:08+00:00] INFO Request {"method":"PUT","path":"\/api\/store"}
