[2026-06-23T16:55:41+00:00] INFO Config: OASIS_USER/OASIS_PASS vacías — operaciones autenticadas usarán mock data
[2026-06-23T16:55:41+00:00] INFO Config: DATABASE_URL vacía — la app usará localStorage como respaldo
[2026-06-23T16:55:41+00:00] INFO Request {"method":"GET","path":"\/api\/periodo-actual"}
[2026-06-23T16:55:41+00:00] INFO Config: OASIS_USER/OASIS_PASS vacías — operaciones autenticadas usarán mock data
[2026-06-23T16:55:41+00:00] INFO Config: DATABASE_URL vacía — la app usará localStorage como respaldo
[2026-06-23T16:55:41+00:00] INFO Request {"method":"GET","path":"\/api\/store"}
[2026-06-23T16:55:42+00:00] INFO Config: OASIS_USER/OASIS_PASS vacías — operaciones autenticadas usarán mock data
[2026-06-23T16:55:42+00:00] INFO Config: DATABASE_URL vacía — la app usará localStorage como respaldo
[2026-06-23T16:55:42+00:00] INFO Config: OASIS_USER/OASIS_PASS vacías — operaciones autenticadas usarán mock data
[2026-06-23T16:55:42+00:00] INFO Config: DATABASE_URL vacía — la app usará localStorage como respaldo
[2026-06-23T16:55:42+00:00] INFO Request {"method":"PUT","path":"\/api\/store"}
[2026-06-23T16:56:17+00:00] INFO Config: OASIS_USER/OASIS_PASS vacías — operaciones autenticadas usarán mock data
[2026-06-23T16:56:17+00:00] INFO Config: DATABASE_URL vacía — la app usará localStorage como respaldo
[2026-06-23T16:56:17+00:00] INFO Request {"method":"GET","path":"\/api\/periodo-actual"}
[2026-06-23T16:56:17+00:00] INFO Config: OASIS_USER/OASIS_PASS vacías — operaciones autenticadas usarán mock data
[2026-06-23T16:56:17+00:00] INFO Config: DATABASE_URL vacía — la app usará localStorage como respaldo
[2026-06-23T16:56:17+00:00] INFO Request {"method":"GET","path":"\/api\/store"}
[2026-06-23T16:56:18+00:00] INFO Config: OASIS_USER/OASIS_PASS vacías — operaciones autenticadas usarán mock data
[2026-06-23T16:56:18+00:00] INFO Config: DATABASE_URL vacía — la app usará localStorage como respaldo
[2026-06-23T16:56:18+00:00] INFO Config: OASIS_USER/OASIS_PASS vacías — operaciones autenticadas usarán mock data
[2026-06-23T16:56:18+00:00] INFO Config: DATABASE_URL vacía — la app usará localStorage como respaldo
[2026-06-23T16:56:18+00:00] INFO Request {"method":"PUT","path":"\/api\/store"}
[2026-06-23T16:56:25+00:00] INFO Config: OASIS_USER/OASIS_PASS vacías — operaciones autenticadas usarán mock data
[2026-06-23T16:56:25+00:00] INFO Config: DATABASE_URL vacía — la app usará localStorage como respaldo
[2026-06-23T16:56:25+00:00] INFO Config: OASIS_USER/OASIS_PASS vacías — operaciones autenticadas usarán mock data
[2026-06-23T16:56:25+00:00] INFO Config: DATABASE_URL vacía — la app usará localStorage como respaldo
[2026-06-23T16:56:25+00:00] INFO Request {"method":"PUT","path":"\/api\/store"}
[2026-06-23T16:56:27+00:00] INFO Config: OASIS_USER/OASIS_PASS vacías — operaciones autenticadas usarán mock data
[2026-06-23T16:56:27+00:00] INFO Config: DATABASE_URL vacía — la app usará localStorage como respaldo
[2026-06-23T16:56:27+00:00] INFO Request {"method":"PUT","path":"\/api\/store"}
[2026-06-23T16:56:29+00:00] INFO Config: OASIS_USER/OASIS_PASS vacías — operaciones autenticadas usarán mock data
[2026-06-23T16:56:29+00:00] INFO Config: DATABASE_URL vacía — la app usará localStorage como respaldo
[2026-06-23T16:56:29+00:00] INFO Request {"method":"PUT","path":"\/api\/store"}
[2026-06-23T16:56:56+00:00] INFO Config: OASIS_USER/OASIS_PASS vacías — operaciones autenticadas usarán mock data
[2026-06-23T16:56:56+00:00] INFO Config: DATABASE_URL vacía — la app usará localStorage como respaldo
[2026-06-23T16:56:56+00:00] INFO Config: OASIS_USER/OASIS_PASS vacías — operaciones autenticadas usarán mock data
[2026-06-23T16:56:56+00:00] INFO Config: DATABASE_URL vacía — la app usará localStorage como respaldo
[2026-06-23T16:56:56+00:00] INFO Request {"method":"PUT","path":"\/api\/store"}
[2026-06-23T16:57:03+00:00] INFO Config: OASIS_USER/OASIS_PASS vacías — operaciones autenticadas usarán mock data
[2026-06-23T16:57:03+00:00] INFO Config: DATABASE_URL vacía — la app usará localStorage como respaldo
[2026-06-23T16:57:03+00:00] INFO Config: OASIS_USER/OASIS_PASS vacías — operaciones autenticadas usarán mock data
[2026-06-23T16:57:03+00:00] INFO Config: DATABASE_URL vacía — la app usará localStorage como respaldo
[2026-06-23T16:57:03+00:00] INFO Request {"method":"PUT","path":"\/api\/store"}
[2026-06-23T16:57:16+00:00] INFO Config: OASIS_USER/OASIS_PASS vacías — operaciones autenticadas usarán mock data
[2026-06-23T16:57:16+00:00] INFO Config: DATABASE_URL vacía — la app usará localStorage como respaldo
[2026-06-23T16:57:17+00:00] INFO Config: OASIS_USER/OASIS_PASS vacías — operaciones autenticadas usarán mock data
[2026-06-23T16:57:17+00:00] INFO Config: DATABASE_URL vacía — la app usará localStorage como respaldo
[2026-06-23T16:57:17+00:00] INFO Request {"method":"PUT","path":"\/api\/store"}
[2026-06-23T16:57:25+00:00] INFO Config: OASIS_USER/OASIS_PASS vacías — operaciones autenticadas usarán mock data
[2026-06-23T16:57:25+00:00] INFO Config: DATABASE_URL vacía — la app usará localStorage como respaldo
[2026-06-23T16:57:25+00:00] INFO Config: OASIS_USER/OASIS_PASS vacías — operaciones autenticadas usarán mock data
[2026-06-23T16:57:25+00:00] INFO Config: DATABASE_URL vacía — la app usará localStorage como respaldo
[2026-06-23T16:57:25+00:00] INFO Request {"method":"PUT","path":"\/api\/store"}
[2026-06-23T16:57:29+00:00] INFO Config: OASIS_USER/OASIS_PASS vacías — operaciones autenticadas usarán mock data
[2026-06-23T16:57:29+00:00] INFO Config: DATABASE_URL vacía — la app usará localStorage como respaldo
[2026-06-23T16:57:29+00:00] INFO Request {"method":"PUT","path":"\/api\/store"}
[2026-06-23T16:57:34+00:00] INFO Config: OASIS_USER/OASIS_PASS vacías — operaciones autenticadas usarán mock data
[2026-06-23T16:57:34+00:00] INFO Config: DATABASE_URL vacía — la app usará localStorage como respaldo
[2026-06-23T16:57:34+00:00] INFO Config: OASIS_USER/OASIS_PASS vacías — operaciones autenticadas usarán mock data
[2026-06-23T16:57:34+00:00] INFO Config: DATABASE_URL vacía — la app usará localStorage como respaldo
[2026-06-23T16:57:34+00:00] INFO Request {"method":"PUT","path":"\/api\/store"}
[2026-06-23T16:57:48+00:00] INFO Config: OASIS_USER/OASIS_PASS vacías — operaciones autenticadas usarán mock data
[2026-06-23T16:57:48+00:00] INFO Config: DATABASE_URL vacía — la app usará localStorage como respaldo
[2026-06-23T16:57:48+00:00] INFO Config: OASIS_USER/OASIS_PASS vacías — operaciones autenticadas usarán mock data
[2026-06-23T16:57:48+00:00] INFO Config: DATABASE_URL vacía — la app usará localStorage como respaldo
[2026-06-23T16:57:48+00:00] INFO Request {"method":"PUT","path":"\/api\/store"}
[2026-06-23T16:57:49+00:00] INFO Config: OASIS_USER/OASIS_PASS vacías — operaciones autenticadas usarán mock data
[2026-06-23T16:57:49+00:00] INFO Config: DATABASE_URL vacía — la app usará localStorage como respaldo
[2026-06-23T16:57:49+00:00] INFO Request {"method":"PUT","path":"\/api\/store"}
[2026-06-23T16:57:52+00:00] INFO Config: OASIS_USER/OASIS_PASS vacías — operaciones autenticadas usarán mock data
[2026-06-23T16:57:52+00:00] INFO Config: DATABASE_URL vacía — la app usará localStorage como respaldo
[2026-06-23T16:57:52+00:00] INFO Config: OASIS_USER/OASIS_PASS vacías — operaciones autenticadas usarán mock data
[2026-06-23T16:57:52+00:00] INFO Config: DATABASE_URL vacía — la app usará localStorage como respaldo
[2026-06-23T16:57:52+00:00] INFO Request {"method":"POST","path":"\/api\/alumnos-materia"}
[2026-06-23T16:57:54+00:00] INFO Config: OASIS_USER/OASIS_PASS vacías — operaciones autenticadas usarán mock data
[2026-06-23T16:57:54+00:00] INFO Config: DATABASE_URL vacía — la app usará localStorage como respaldo
[2026-06-23T16:57:54+00:00] INFO Config: OASIS_USER/OASIS_PASS vacías — operaciones autenticadas usarán mock data
[2026-06-23T16:57:54+00:00] INFO Config: DATABASE_URL vacía — la app usará localStorage como respaldo
[2026-06-23T16:57:54+00:00] INFO Request {"method":"PUT","path":"\/api\/store"}
[2026-06-23T16:57:55+00:00] INFO Config: OASIS_USER/OASIS_PASS vacías — operaciones autenticadas usarán mock data
[2026-06-23T16:57:55+00:00] INFO Config: DATABASE_URL vacía — la app usará localStorage como respaldo
[2026-06-23T16:57:55+00:00] INFO Request {"method":"PUT","path":"\/api\/store"}
[2026-06-23T16:58:04+00:00] INFO Config: OASIS_USER/OASIS_PASS vacías — operaciones autenticadas usarán mock data
[2026-06-23T16:58:04+00:00] INFO Config: DATABASE_URL vacía — la app usará localStorage como respaldo
[2026-06-23T16:58:04+00:00] INFO Config: OASIS_USER/OASIS_PASS vacías — operaciones autenticadas usarán mock data
[2026-06-23T16:58:04+00:00] INFO Config: DATABASE_URL vacía — la app usará localStorage como respaldo
[2026-06-23T16:58:04+00:00] INFO Request {"method":"PUT","path":"\/api\/store"}
